{"/Users/jamesduong/Desktop/personal/unitTestingRN/src/Button.js": {"path":"/Users/jamesduong/Desktop/personal/unitTestingRN/src/Button.js","statementMap":{"0":{"start":{"line":7,"column":4},"end":{"line":7,"column":17}},"1":{"start":{"line":11,"column":19},"end":{"line":17,"column":3}},"2":{"start":{"line":12,"column":27},"end":{"line":12,"column":37}},"3":{"start":{"line":13,"column":4},"end":{"line":15,"column":5}},"4":{"start":{"line":14,"column":6},"end":{"line":14,"column":27}},"5":{"start":{"line":16,"column":4},"end":{"line":16,"column":14}},"6":{"start":{"line":20,"column":37},"end":{"line":20,"column":43}},"7":{"start":{"line":21,"column":29},"end":{"line":21,"column":39}},"8":{"start":{"line":24,"column":27},"end":{"line":29,"column":9}},"9":{"start":{"line":31,"column":4},"end":{"line":35,"column":6}},"10":{"start":{"line":39,"column":0},"end":{"line":41,"column":2}},"11":{"start":{"line":43,"column":15},"end":{"line":61,"column":1}}},"fnMap":{"0":{"name":"(anonymous_0)","decl":{"start":{"line":6,"column":2},"end":{"line":6,"column":3}},"loc":{"start":{"line":6,"column":21},"end":{"line":8,"column":3}},"line":6},"1":{"name":"(anonymous_1)","decl":{"start":{"line":11,"column":19},"end":{"line":11,"column":20}},"loc":{"start":{"line":11,"column":25},"end":{"line":17,"column":3}},"line":11},"2":{"name":"(anonymous_2)","decl":{"start":{"line":19,"column":2},"end":{"line":19,"column":3}},"loc":{"start":{"line":19,"column":11},"end":{"line":36,"column":3}},"line":19}},"branchMap":{"0":{"loc":{"start":{"line":13,"column":4},"end":{"line":15,"column":5}},"type":"if","locations":[{"start":{"line":13,"column":4},"end":{"line":15,"column":5}},{"start":{"line":13,"column":4},"end":{"line":15,"column":5}}],"line":13},"1":{"loc":{"start":{"line":24,"column":27},"end":{"line":29,"column":9}},"type":"cond-expr","locations":[{"start":{"line":25,"column":8},"end":{"line":25,"column":19}},{"start":{"line":26,"column":8},"end":{"line":29,"column":9}}],"line":24}},"s":{"0":6,"1":6,"2":3,"3":3,"4":2,"5":3,"6":6,"7":6,"8":6,"9":6,"10":1,"11":1},"f":{"0":6,"1":3,"2":6},"b":{"0":[2,1],"1":[5,1]},"_coverageSchema":"43e27e138ebf9cfc5966b082cf9a028302ed4184","hash":"8554cd4147ea28f4c4e9a1899e6b0bf820558058"}
}
